[debug] [2018-10-22T10:19:12.449Z] ----------------------------------------------------------------------
[debug] [2018-10-22T10:19:12.449Z] Command:       C:\Program Files\nodejs\node.exe C:\Program Files\nodejs\node_modules\firebase-tools\bin\firebase serve --only functions
[debug] [2018-10-22T10:19:12.449Z] CLI Version:   5.1.1
[debug] [2018-10-22T10:19:12.449Z] Platform:      win32
[debug] [2018-10-22T10:19:12.449Z] Node Version:  v8.9.1
[debug] [2018-10-22T10:19:12.449Z] Time:          Mon Oct 22 2018 12:19:12 GMT+0200 (Środkowoeuropejski czas letni)
[debug] [2018-10-22T10:19:12.449Z] ----------------------------------------------------------------------
[debug] 
[debug] [2018-10-22T10:19:12.464Z] > command requires scopes: ["email","openid","https://www.googleapis.com/auth/cloudplatformprojects.readonly","https://www.googleapis.com/auth/firebase","https://www.googleapis.com/auth/cloud-platform"]
[debug] [2018-10-22T10:19:12.464Z] > authorizing via signed-in user
[debug] [2018-10-22T10:19:12.464Z] [iam] checking project iotproject-eit for permissions ["firebase.projects.get"]
[debug] [2018-10-22T10:19:12.464Z] >>> HTTP REQUEST POST https://cloudresourcemanager.googleapis.com/v1/projects/iotproject-eit:testIamPermissions  

[debug] [2018-10-22T10:19:15.742Z] <<< HTTP RESPONSE 200
[debug] [2018-10-22T10:19:15.742Z] >>> HTTP REQUEST GET https://cloudresourcemanager.googleapis.com/v1/projects/iotproject-eit  
 
[debug] [2018-10-22T10:19:16.680Z] <<< HTTP RESPONSE 200
[info] 
[info] === Serving from 'C:\Projects\stare\IoT-Project'...
[info] 
[info] i  functions: Preparing to emulate functions.
[debug] [2018-10-22T10:19:19.602Z] Fetching environment
[debug] [2018-10-22T10:19:19.602Z] >>> HTTP REQUEST GET https://mobilesdk-pa.googleapis.com/v1/projects/192509429154:getServerAppConfig  
 
[debug] [2018-10-22T10:19:19.821Z] <<< HTTP RESPONSE 200
[debug] [2018-10-22T10:19:19.821Z] Starting @google-cloud/functions-emulator
[debug] [2018-10-22T10:19:22.404Z] Parsing function triggers
[info] +  functions: app: http://localhost:5000/iotproject-eit/us-central1/app
